Traceback (most recent call last):
  File "/home/colin/.local/lib/python3.10/site-packages/jupyter_cache/executors/utils.py", line 58, in single_nb_execution
    executenb(
  File "/home/colin/.local/lib/python3.10/site-packages/nbclient/client.py", line 1319, in execute
    return NotebookClient(nb=nb, resources=resources, km=km, **kwargs).execute()
  File "/home/colin/.local/lib/python3.10/site-packages/jupyter_core/utils/__init__.py", line 165, in wrapped
    return loop.run_until_complete(inner)
  File "/usr/lib/python3.10/asyncio/base_events.py", line 649, in run_until_complete
    return future.result()
  File "/home/colin/.local/lib/python3.10/site-packages/nbclient/client.py", line 709, in async_execute
    await self.async_execute_cell(
  File "/home/colin/.local/lib/python3.10/site-packages/nbclient/client.py", line 1062, in async_execute_cell
    await self._check_raise_for_error(cell, cell_index, exec_reply)
  File "/home/colin/.local/lib/python3.10/site-packages/nbclient/client.py", line 918, in _check_raise_for_error
    raise CellExecutionError.from_cell_and_msg(cell, exec_reply_content)
nbclient.exceptions.CellExecutionError: An error occurred while executing the following cell:
------------------
import numpy as np
import matplotlib.pyplot as plt
from sklearn.svm import SVR

# generate dataset:
data_x = np.linspace(-2,2,30)
data_y = 0.5*data_x + 0.5*np.sin(4*data_x)

# fit a linear support vector regression (SVR) model:
svr_epsilon=0.25
svr = SVR(kernel='linear', epsilon=svr_epsilon)
svr.fit(data_x.reshape(-1,1), data_y)

# evaluate SVR predictions:
eval_x = np.linspace(-2,2, 100)
eval_yhat = svr.predict(eval_x.reshape(-1,1))

# plot SVR predictions:
plt.figure(figsize=(7,3.5))
plt.plot(eval_x, eval_yhat, 'k', label=r'$f(x)$ (linear kernel)')
plt.plot(eval_x, eval_yhat+svr_epsilon, 'k:', 
         alpha=0.5, label=r'$f(x) \pm \varepsilon$')
plt.plot(eval_x, eval_yhat-svr_epsilon, 'k:', alpha=0.5)
plt.scatter(data_x, data_y, c='k', alpha=0.1, label='Dataset')
sv_plot = plt.scatter(data_x.take(svr.support_).flatten(),
            data_y.take(svr.support_), c=svr.dual_coef_, 
            marker='+', cmap='bwr', label='Support Vectors')
plt.colorbar(sv_plot, label=r'$(\alpha_n - \alpha_n^*)/C$')
plt.ylabel('y')
plt.xlabel('x')
plt.title('Linear Suport Vector Regression')
plt.legend()
plt.show()
------------------


[0;31m---------------------------------------------------------------------------[0m
[0;31mValueError[0m                                Traceback (most recent call last)
Cell [0;32mIn[1], line 3[0m
[1;32m      1[0m [38;5;28;01mimport[39;00m[38;5;250m [39m[38;5;21;01mnumpy[39;00m[38;5;250m [39m[38;5;28;01mas[39;00m[38;5;250m [39m[38;5;21;01mnp[39;00m
[1;32m      2[0m [38;5;28;01mimport[39;00m[38;5;250m [39m[38;5;21;01mmatplotlib[39;00m[38;5;21;01m.[39;00m[38;5;21;01mpyplot[39;00m[38;5;250m [39m[38;5;28;01mas[39;00m[38;5;250m [39m[38;5;21;01mplt[39;00m
[0;32m----> 3[0m [38;5;28;01mfrom[39;00m[38;5;250m [39m[38;5;21;01msklearn[39;00m[38;5;21;01m.[39;00m[38;5;21;01msvm[39;00m[38;5;250m [39m[38;5;28;01mimport[39;00m SVR
[1;32m      5[0m [38;5;66;03m# generate dataset:[39;00m
[1;32m      6[0m data_x [38;5;241m=[39m np[38;5;241m.[39mlinspace([38;5;241m-[39m[38;5;241m2[39m,[38;5;241m2[39m,[38;5;241m30[39m)

File [0;32m~/.local/lib/python3.10/site-packages/sklearn/__init__.py:82[0m
[1;32m     80[0m [38;5;28;01mfrom[39;00m[38;5;250m [39m[38;5;21;01m.[39;00m[38;5;250m [39m[38;5;28;01mimport[39;00m _distributor_init  [38;5;66;03m# noqa: F401[39;00m
[1;32m     81[0m [38;5;28;01mfrom[39;00m[38;5;250m [39m[38;5;21;01m.[39;00m[38;5;250m [39m[38;5;28;01mimport[39;00m __check_build  [38;5;66;03m# noqa: F401[39;00m
[0;32m---> 82[0m [38;5;28;01mfrom[39;00m[38;5;250m [39m[38;5;21;01m.[39;00m[38;5;21;01mbase[39;00m[38;5;250m [39m[38;5;28;01mimport[39;00m clone
[1;32m     83[0m [38;5;28;01mfrom[39;00m[38;5;250m [39m[38;5;21;01m.[39;00m[38;5;21;01mutils[39;00m[38;5;21;01m.[39;00m[38;5;21;01m_show_versions[39;00m[38;5;250m [39m[38;5;28;01mimport[39;00m show_versions
[1;32m     85[0m __all__ [38;5;241m=[39m [
[1;32m     86[0m     [38;5;124m"[39m[38;5;124mcalibration[39m[38;5;124m"[39m,
[1;32m     87[0m     [38;5;124m"[39m[38;5;124mcluster[39m[38;5;124m"[39m,
[0;32m   (...)[0m
[1;32m    128[0m     [38;5;124m"[39m[38;5;124mshow_versions[39m[38;5;124m"[39m,
[1;32m    129[0m ]

File [0;32m~/.local/lib/python3.10/site-packages/sklearn/base.py:17[0m
[1;32m     15[0m [38;5;28;01mfrom[39;00m[38;5;250m [39m[38;5;21;01m.[39;00m[38;5;250m [39m[38;5;28;01mimport[39;00m __version__
[1;32m     16[0m [38;5;28;01mfrom[39;00m[38;5;250m [39m[38;5;21;01m.[39;00m[38;5;21;01m_config[39;00m[38;5;250m [39m[38;5;28;01mimport[39;00m get_config
[0;32m---> 17[0m [38;5;28;01mfrom[39;00m[38;5;250m [39m[38;5;21;01m.[39;00m[38;5;21;01mutils[39;00m[38;5;250m [39m[38;5;28;01mimport[39;00m _IS_32BIT
[1;32m     18[0m [38;5;28;01mfrom[39;00m[38;5;250m [39m[38;5;21;01m.[39;00m[38;5;21;01mutils[39;00m[38;5;21;01m.[39;00m[38;5;21;01m_set_output[39;00m[38;5;250m [39m[38;5;28;01mimport[39;00m _SetOutputMixin
[1;32m     19[0m [38;5;28;01mfrom[39;00m[38;5;250m [39m[38;5;21;01m.[39;00m[38;5;21;01mutils[39;00m[38;5;21;01m.[39;00m[38;5;21;01m_tags[39;00m[38;5;250m [39m[38;5;28;01mimport[39;00m (
[1;32m     20[0m     _DEFAULT_TAGS,
[1;32m     21[0m )

File [0;32m~/.local/lib/python3.10/site-packages/sklearn/utils/__init__.py:19[0m
[1;32m     16[0m [38;5;28;01mimport[39;00m[38;5;250m [39m[38;5;21;01mnumpy[39;00m[38;5;250m [39m[38;5;28;01mas[39;00m[38;5;250m [39m[38;5;21;01mnp[39;00m
[1;32m     17[0m [38;5;28;01mfrom[39;00m[38;5;250m [39m[38;5;21;01mscipy[39;00m[38;5;21;01m.[39;00m[38;5;21;01msparse[39;00m[38;5;250m [39m[38;5;28;01mimport[39;00m issparse
[0;32m---> 19[0m [38;5;28;01mfrom[39;00m[38;5;250m [39m[38;5;21;01m.[39;00m[38;5;21;01mmurmurhash[39;00m[38;5;250m [39m[38;5;28;01mimport[39;00m murmurhash3_32
[1;32m     20[0m [38;5;28;01mfrom[39;00m[38;5;250m [39m[38;5;21;01m.[39;00m[38;5;21;01mclass_weight[39;00m[38;5;250m [39m[38;5;28;01mimport[39;00m compute_class_weight, compute_sample_weight
[1;32m     21[0m [38;5;28;01mfrom[39;00m[38;5;250m [39m[38;5;21;01m.[39;00m[38;5;250m [39m[38;5;28;01mimport[39;00m _joblib

File [0;32msklearn/utils/murmurhash.pyx:1[0m, in [0;36minit sklearn.utils.murmurhash[0;34m()[0m

[0;31mValueError[0m: numpy.dtype size changed, may indicate binary incompatibility. Expected 96 from C header, got 88 from PyObject

