Traceback (most recent call last):
  File "/media/colin/Shared/colin/git/materials-ml-workshop/env/lib/python3.10/site-packages/jupyter_cache/executors/utils.py", line 58, in single_nb_execution
    executenb(
  File "/media/colin/Shared/colin/git/materials-ml-workshop/env/lib/python3.10/site-packages/nbclient/client.py", line 1305, in execute
    return NotebookClient(nb=nb, resources=resources, km=km, **kwargs).execute()
  File "/media/colin/Shared/colin/git/materials-ml-workshop/env/lib/python3.10/site-packages/jupyter_core/utils/__init__.py", line 166, in wrapped
    return loop.run_until_complete(inner)
  File "/usr/lib/python3.10/asyncio/base_events.py", line 646, in run_until_complete
    return future.result()
  File "/media/colin/Shared/colin/git/materials-ml-workshop/env/lib/python3.10/site-packages/nbclient/client.py", line 705, in async_execute
    await self.async_execute_cell(
  File "/media/colin/Shared/colin/git/materials-ml-workshop/env/lib/python3.10/site-packages/nbclient/client.py", line 1058, in async_execute_cell
    await self._check_raise_for_error(cell, cell_index, exec_reply)
  File "/media/colin/Shared/colin/git/materials-ml-workshop/env/lib/python3.10/site-packages/nbclient/client.py", line 914, in _check_raise_for_error
    raise CellExecutionError.from_cell_and_msg(cell, exec_reply_content)
nbclient.exceptions.CellExecutionError: An error occurred while executing the following cell:
------------------
import numpy as np

plt.figure(figsize=(10,3))

# sample sizes to plot:
sample_sizes = [ 100, 1000, 10000 ]

# visualize histogram for each sample size:
for i, N in enumerate(sample_sizes):
    plt.subplot(1, len(sample_sizes), i+1)
    samples = np.random.normal(0,1,size=N)
    plt.hist(samples, bins=30, density)
    plt.title(f'N = {N}')

plt.show()
------------------


[0;36m  Cell [0;32mIn[9], line 12[0;36m[0m
[0;31m    plt.hist(samples, bins=30, density)[0m
[0m                                      ^[0m
[0;31mSyntaxError[0m[0;31m:[0m positional argument follows keyword argument


