Traceback (most recent call last):
  File "/media/colin/Shared/colin/git/materials-ml-workshop/env/lib/python3.10/site-packages/jupyter_cache/executors/utils.py", line 58, in single_nb_execution
    executenb(
  File "/media/colin/Shared/colin/git/materials-ml-workshop/env/lib/python3.10/site-packages/nbclient/client.py", line 1305, in execute
    return NotebookClient(nb=nb, resources=resources, km=km, **kwargs).execute()
  File "/media/colin/Shared/colin/git/materials-ml-workshop/env/lib/python3.10/site-packages/jupyter_core/utils/__init__.py", line 166, in wrapped
    return loop.run_until_complete(inner)
  File "/usr/lib/python3.10/asyncio/base_events.py", line 646, in run_until_complete
    return future.result()
  File "/media/colin/Shared/colin/git/materials-ml-workshop/env/lib/python3.10/site-packages/nbclient/client.py", line 705, in async_execute
    await self.async_execute_cell(
  File "/media/colin/Shared/colin/git/materials-ml-workshop/env/lib/python3.10/site-packages/nbclient/client.py", line 1058, in async_execute_cell
    await self._check_raise_for_error(cell, cell_index, exec_reply)
  File "/media/colin/Shared/colin/git/materials-ml-workshop/env/lib/python3.10/site-packages/nbclient/client.py", line 914, in _check_raise_for_error
    raise CellExecutionError.from_cell_and_msg(cell, exec_reply_content)
nbclient.exceptions.CellExecutionError: An error occurred while executing the following cell:
------------------
for i in clusters.keys():

    # obtain cluster dataframe:
    cluster_df = data_df[assignments == i]
    sample_df = cluster_df[
        ['Material', 'Tc (K)', 'Pressure (GPa)', 'DOI']
    ].sample(5)

    # show some samples of each cluster:
    HTML(f'Cluster {i}')
    display(sample_df)
------------------


[0;31m---------------------------------------------------------------------------[0m
[0;31mNameError[0m                                 Traceback (most recent call last)
Cell [0;32mIn[16], line 10[0m
[1;32m      5[0m sample_df [38;5;241m=[39m cluster_df[
[1;32m      6[0m     [[38;5;124m'[39m[38;5;124mMaterial[39m[38;5;124m'[39m, [38;5;124m'[39m[38;5;124mTc (K)[39m[38;5;124m'[39m, [38;5;124m'[39m[38;5;124mPressure (GPa)[39m[38;5;124m'[39m, [38;5;124m'[39m[38;5;124mDOI[39m[38;5;124m'[39m]
[1;32m      7[0m ][38;5;241m.[39msample([38;5;241m5[39m)
[1;32m      9[0m [38;5;66;03m# show some samples of each cluster:[39;00m
[0;32m---> 10[0m [43mHTML[49m([38;5;124mf[39m[38;5;124m'[39m[38;5;124mCluster [39m[38;5;132;01m{[39;00mi[38;5;132;01m}[39;00m[38;5;124m'[39m)
[1;32m     11[0m display(sample_df)

[0;31mNameError[0m: name 'HTML' is not defined

