Traceback (most recent call last):
  File "/media/colin/Shared/colin/git/materials-ml-workshop/env/lib/python3.10/site-packages/jupyter_cache/executors/utils.py", line 58, in single_nb_execution
    executenb(
  File "/media/colin/Shared/colin/git/materials-ml-workshop/env/lib/python3.10/site-packages/nbclient/client.py", line 1305, in execute
    return NotebookClient(nb=nb, resources=resources, km=km, **kwargs).execute()
  File "/media/colin/Shared/colin/git/materials-ml-workshop/env/lib/python3.10/site-packages/jupyter_core/utils/__init__.py", line 166, in wrapped
    return loop.run_until_complete(inner)
  File "/usr/lib/python3.10/asyncio/base_events.py", line 646, in run_until_complete
    return future.result()
  File "/media/colin/Shared/colin/git/materials-ml-workshop/env/lib/python3.10/site-packages/nbclient/client.py", line 705, in async_execute
    await self.async_execute_cell(
  File "/media/colin/Shared/colin/git/materials-ml-workshop/env/lib/python3.10/site-packages/nbclient/client.py", line 1058, in async_execute_cell
    await self._check_raise_for_error(cell, cell_index, exec_reply)
  File "/media/colin/Shared/colin/git/materials-ml-workshop/env/lib/python3.10/site-packages/nbclient/client.py", line 914, in _check_raise_for_error
    raise CellExecutionError.from_cell_and_msg(cell, exec_reply_content)
nbclient.exceptions.CellExecutionError: An error occurred while executing the following cell:
------------------
import numpy as np
from scipy.stats import multivariate_normal
import matplotlib.pyplot as plt

# randomly sample the x1 and x2 coordinates of points:
n_data  = 1000
x1_data = np.random.uniform(0,2,n_data)
x2_data = np.random.uniform(0,1,n_data)

# combine x1 and x2 components:
x_data = np.array([ x1_data, x2_data ])
x_mean = np.mean(x_data, axis=-1)
x_cov = np.cov(x_data)

# define 2D mesh grid:
x1_pts = np.linspace(-0.5,2.5,100)
x2_pts = np.linspace(-0.5,1.5,100)
x1_mesh, x2_mesh = np.meshgrid(x1_pts, x2_pts)
x12_mesh = np.dstack([x1_mesh, x2_mesh])

# evaluate probability density on mesh points:
prob_mesh = multivariate_normal.pdf(x12_mesh, mean=x_mean, cov=x_cov)

# show plot of fitted multivariate normal distribution:
plt.figure()
plt.contourf(x1_mesh, x2_mesh, prob_mesh, levels=10)
plt.scatter(x1_data, x2_data, size=1)
plt.xlabel(r'$x_1$')
plt.ylabel(r'$x_2$')
plt.show()
------------------


[0;31m---------------------------------------------------------------------------[0m
[0;31mAttributeError[0m                            Traceback (most recent call last)
Cell [0;32mIn[7], line 27[0m
[1;32m     25[0m plt[38;5;241m.[39mfigure()
[1;32m     26[0m plt[38;5;241m.[39mcontourf(x1_mesh, x2_mesh, prob_mesh, levels[38;5;241m=[39m[38;5;241m10[39m)
[0;32m---> 27[0m [43mplt[49m[38;5;241;43m.[39;49m[43mscatter[49m[43m([49m[43mx1_data[49m[43m,[49m[43m [49m[43mx2_data[49m[43m,[49m[43m [49m[43msize[49m[38;5;241;43m=[39;49m[38;5;241;43m1[39;49m[43m)[49m
[1;32m     28[0m plt[38;5;241m.[39mxlabel([38;5;124mr[39m[38;5;124m'[39m[38;5;124m$x_1$[39m[38;5;124m'[39m)
[1;32m     29[0m plt[38;5;241m.[39mylabel([38;5;124mr[39m[38;5;124m'[39m[38;5;124m$x_2$[39m[38;5;124m'[39m)

File [0;32m/media/colin/Shared/colin/git/materials-ml-workshop/env/lib/python3.10/site-packages/matplotlib/pyplot.py:2862[0m, in [0;36mscatter[0;34m(x, y, s, c, marker, cmap, norm, vmin, vmax, alpha, linewidths, edgecolors, plotnonfinite, data, **kwargs)[0m
[1;32m   2857[0m [38;5;129m@_copy_docstring_and_deprecators[39m(Axes[38;5;241m.[39mscatter)
[1;32m   2858[0m [38;5;28;01mdef[39;00m [38;5;21mscatter[39m(
[1;32m   2859[0m         x, y, s[38;5;241m=[39m[38;5;28;01mNone[39;00m, c[38;5;241m=[39m[38;5;28;01mNone[39;00m, marker[38;5;241m=[39m[38;5;28;01mNone[39;00m, cmap[38;5;241m=[39m[38;5;28;01mNone[39;00m, norm[38;5;241m=[39m[38;5;28;01mNone[39;00m,
[1;32m   2860[0m         vmin[38;5;241m=[39m[38;5;28;01mNone[39;00m, vmax[38;5;241m=[39m[38;5;28;01mNone[39;00m, alpha[38;5;241m=[39m[38;5;28;01mNone[39;00m, linewidths[38;5;241m=[39m[38;5;28;01mNone[39;00m, [38;5;241m*[39m,
[1;32m   2861[0m         edgecolors[38;5;241m=[39m[38;5;28;01mNone[39;00m, plotnonfinite[38;5;241m=[39m[38;5;28;01mFalse[39;00m, data[38;5;241m=[39m[38;5;28;01mNone[39;00m, [38;5;241m*[39m[38;5;241m*[39mkwargs):
[0;32m-> 2862[0m     __ret [38;5;241m=[39m [43mgca[49m[43m([49m[43m)[49m[38;5;241;43m.[39;49m[43mscatter[49m[43m([49m
[1;32m   2863[0m [43m        [49m[43mx[49m[43m,[49m[43m [49m[43my[49m[43m,[49m[43m [49m[43ms[49m[38;5;241;43m=[39;49m[43ms[49m[43m,[49m[43m [49m[43mc[49m[38;5;241;43m=[39;49m[43mc[49m[43m,[49m[43m [49m[43mmarker[49m[38;5;241;43m=[39;49m[43mmarker[49m[43m,[49m[43m [49m[43mcmap[49m[38;5;241;43m=[39;49m[43mcmap[49m[43m,[49m[43m [49m[43mnorm[49m[38;5;241;43m=[39;49m[43mnorm[49m[43m,[49m
[1;32m   2864[0m [43m        [49m[43mvmin[49m[38;5;241;43m=[39;49m[43mvmin[49m[43m,[49m[43m [49m[43mvmax[49m[38;5;241;43m=[39;49m[43mvmax[49m[43m,[49m[43m [49m[43malpha[49m[38;5;241;43m=[39;49m[43malpha[49m[43m,[49m[43m [49m[43mlinewidths[49m[38;5;241;43m=[39;49m[43mlinewidths[49m[43m,[49m
[1;32m   2865[0m [43m        [49m[43medgecolors[49m[38;5;241;43m=[39;49m[43medgecolors[49m[43m,[49m[43m [49m[43mplotnonfinite[49m[38;5;241;43m=[39;49m[43mplotnonfinite[49m[43m,[49m
[1;32m   2866[0m [43m        [49m[38;5;241;43m*[39;49m[38;5;241;43m*[39;49m[43m([49m[43m{[49m[38;5;124;43m"[39;49m[38;5;124;43mdata[39;49m[38;5;124;43m"[39;49m[43m:[49m[43m [49m[43mdata[49m[43m}[49m[43m [49m[38;5;28;43;01mif[39;49;00m[43m [49m[43mdata[49m[43m [49m[38;5;129;43;01mis[39;49;00m[43m [49m[38;5;129;43;01mnot[39;49;00m[43m [49m[38;5;28;43;01mNone[39;49;00m[43m [49m[38;5;28;43;01melse[39;49;00m[43m [49m[43m{[49m[43m}[49m[43m)[49m[43m,[49m[43m [49m[38;5;241;43m*[39;49m[38;5;241;43m*[39;49m[43mkwargs[49m[43m)[49m
[1;32m   2867[0m     sci(__ret)
[1;32m   2868[0m     [38;5;28;01mreturn[39;00m __ret

File [0;32m/media/colin/Shared/colin/git/materials-ml-workshop/env/lib/python3.10/site-packages/matplotlib/__init__.py:1442[0m, in [0;36m_preprocess_data.<locals>.inner[0;34m(ax, data, *args, **kwargs)[0m
[1;32m   1439[0m [38;5;129m@functools[39m[38;5;241m.[39mwraps(func)
[1;32m   1440[0m [38;5;28;01mdef[39;00m [38;5;21minner[39m(ax, [38;5;241m*[39margs, data[38;5;241m=[39m[38;5;28;01mNone[39;00m, [38;5;241m*[39m[38;5;241m*[39mkwargs):
[1;32m   1441[0m     [38;5;28;01mif[39;00m data [38;5;129;01mis[39;00m [38;5;28;01mNone[39;00m:
[0;32m-> 1442[0m         [38;5;28;01mreturn[39;00m [43mfunc[49m[43m([49m[43max[49m[43m,[49m[43m [49m[38;5;241;43m*[39;49m[38;5;28;43mmap[39;49m[43m([49m[43msanitize_sequence[49m[43m,[49m[43m [49m[43margs[49m[43m)[49m[43m,[49m[43m [49m[38;5;241;43m*[39;49m[38;5;241;43m*[39;49m[43mkwargs[49m[43m)[49m
[1;32m   1444[0m     bound [38;5;241m=[39m new_sig[38;5;241m.[39mbind(ax, [38;5;241m*[39margs, [38;5;241m*[39m[38;5;241m*[39mkwargs)
[1;32m   1445[0m     auto_label [38;5;241m=[39m (bound[38;5;241m.[39marguments[38;5;241m.[39mget(label_namer)
[1;32m   1446[0m                   [38;5;129;01mor[39;00m bound[38;5;241m.[39mkwargs[38;5;241m.[39mget(label_namer))

File [0;32m/media/colin/Shared/colin/git/materials-ml-workshop/env/lib/python3.10/site-packages/matplotlib/axes/_axes.py:4698[0m, in [0;36mAxes.scatter[0;34m(self, x, y, s, c, marker, cmap, norm, vmin, vmax, alpha, linewidths, edgecolors, plotnonfinite, **kwargs)[0m
[1;32m   4694[0m         keys_str [38;5;241m=[39m [38;5;124m"[39m[38;5;124m, [39m[38;5;124m"[39m[38;5;241m.[39mjoin([38;5;124mf[39m[38;5;124m"[39m[38;5;124m'[39m[38;5;132;01m{[39;00mk[38;5;132;01m}[39;00m[38;5;124m'[39m[38;5;124m"[39m [38;5;28;01mfor[39;00m k [38;5;129;01min[39;00m extra_keys)
[1;32m   4695[0m         _api[38;5;241m.[39mwarn_external(
[1;32m   4696[0m             [38;5;124m"[39m[38;5;124mNo data for colormapping provided via [39m[38;5;124m'[39m[38;5;124mc[39m[38;5;124m'[39m[38;5;124m. [39m[38;5;124m"[39m
[1;32m   4697[0m             [38;5;124mf[39m[38;5;124m"[39m[38;5;124mParameters [39m[38;5;132;01m{[39;00mkeys_str[38;5;132;01m}[39;00m[38;5;124m will be ignored[39m[38;5;124m"[39m)
[0;32m-> 4698[0m [43mcollection[49m[38;5;241;43m.[39;49m[43m_internal_update[49m[43m([49m[43mkwargs[49m[43m)[49m
[1;32m   4700[0m [38;5;66;03m# Classic mode only:[39;00m
[1;32m   4701[0m [38;5;66;03m# ensure there are margins to allow for the[39;00m
[1;32m   4702[0m [38;5;66;03m# finite size of the symbols.  In v2.x, margins[39;00m
[1;32m   4703[0m [38;5;66;03m# are present by default, so we disable this[39;00m
[1;32m   4704[0m [38;5;66;03m# scatter-specific override.[39;00m
[1;32m   4705[0m [38;5;28;01mif[39;00m mpl[38;5;241m.[39mrcParams[[38;5;124m'[39m[38;5;124m_internal.classic_mode[39m[38;5;124m'[39m]:

File [0;32m/media/colin/Shared/colin/git/materials-ml-workshop/env/lib/python3.10/site-packages/matplotlib/artist.py:1223[0m, in [0;36mArtist._internal_update[0;34m(self, kwargs)[0m
[1;32m   1216[0m [38;5;28;01mdef[39;00m [38;5;21m_internal_update[39m([38;5;28mself[39m, kwargs):
[1;32m   1217[0m [38;5;250m    [39m[38;5;124;03m"""[39;00m
[1;32m   1218[0m [38;5;124;03m    Update artist properties without prenormalizing them, but generating[39;00m
[1;32m   1219[0m [38;5;124;03m    errors as if calling `set`.[39;00m
[1;32m   1220[0m 
[1;32m   1221[0m [38;5;124;03m    The lack of prenormalization is to maintain backcompatibility.[39;00m
[1;32m   1222[0m [38;5;124;03m    """[39;00m
[0;32m-> 1223[0m     [38;5;28;01mreturn[39;00m [38;5;28;43mself[39;49m[38;5;241;43m.[39;49m[43m_update_props[49m[43m([49m
[1;32m   1224[0m [43m        [49m[43mkwargs[49m[43m,[49m[43m [49m[38;5;124;43m"[39;49m[38;5;132;43;01m{cls.__name__}[39;49;00m[38;5;124;43m.set() got an unexpected keyword argument [39;49m[38;5;124;43m"[39;49m
[1;32m   1225[0m [43m        [49m[38;5;124;43m"[39;49m[38;5;132;43;01m{prop_name!r}[39;49;00m[38;5;124;43m"[39;49m[43m)[49m

File [0;32m/media/colin/Shared/colin/git/materials-ml-workshop/env/lib/python3.10/site-packages/matplotlib/artist.py:1197[0m, in [0;36mArtist._update_props[0;34m(self, props, errfmt)[0m
[1;32m   1195[0m             func [38;5;241m=[39m [38;5;28mgetattr[39m([38;5;28mself[39m, [38;5;124mf[39m[38;5;124m"[39m[38;5;124mset_[39m[38;5;132;01m{[39;00mk[38;5;132;01m}[39;00m[38;5;124m"[39m, [38;5;28;01mNone[39;00m)
[1;32m   1196[0m             [38;5;28;01mif[39;00m [38;5;129;01mnot[39;00m [38;5;28mcallable[39m(func):
[0;32m-> 1197[0m                 [38;5;28;01mraise[39;00m [38;5;167;01mAttributeError[39;00m(
[1;32m   1198[0m                     errfmt[38;5;241m.[39mformat([38;5;28mcls[39m[38;5;241m=[39m[38;5;28mtype[39m([38;5;28mself[39m), prop_name[38;5;241m=[39mk))
[1;32m   1199[0m             ret[38;5;241m.[39mappend(func(v))
[1;32m   1200[0m [38;5;28;01mif[39;00m ret:

[0;31mAttributeError[0m: PathCollection.set() got an unexpected keyword argument 'size'

