Traceback (most recent call last):
  File "/media/colin/Shared/colin/git/materials-ml-workshop/env/lib/python3.10/site-packages/jupyter_cache/executors/utils.py", line 58, in single_nb_execution
    executenb(
  File "/media/colin/Shared/colin/git/materials-ml-workshop/env/lib/python3.10/site-packages/nbclient/client.py", line 1305, in execute
    return NotebookClient(nb=nb, resources=resources, km=km, **kwargs).execute()
  File "/media/colin/Shared/colin/git/materials-ml-workshop/env/lib/python3.10/site-packages/jupyter_core/utils/__init__.py", line 166, in wrapped
    return loop.run_until_complete(inner)
  File "/usr/lib/python3.10/asyncio/base_events.py", line 646, in run_until_complete
    return future.result()
  File "/media/colin/Shared/colin/git/materials-ml-workshop/env/lib/python3.10/site-packages/nbclient/client.py", line 705, in async_execute
    await self.async_execute_cell(
  File "/media/colin/Shared/colin/git/materials-ml-workshop/env/lib/python3.10/site-packages/nbclient/client.py", line 1058, in async_execute_cell
    await self._check_raise_for_error(cell, cell_index, exec_reply)
  File "/media/colin/Shared/colin/git/materials-ml-workshop/env/lib/python3.10/site-packages/nbclient/client.py", line 914, in _check_raise_for_error
    raise CellExecutionError.from_cell_and_msg(cell, exec_reply_content)
nbclient.exceptions.CellExecutionError: An error occurred while executing the following cell:
------------------
# times each person is available to meet:
available_times = [
    {1,2,3,4,6,7}, # person 1's availability
    {2,4,6},       # person 2's availability
    {3,4,5,6,7,8}, # ... etc.
    {1,4,6,7,8},
]

# set meeting_times to be the intersection of all schedules:
meeting_times = available_times[0]
for timeset in available_times[1:]:
    meeting_times = meeting_times & timeset

# print the set of possible meeting times:
print('Avaliable meeting times:', meeting_times)

---
_Hint_: Which set operation (`union`, `intersection`, or `difference`) should be applied to each availability?
------------------


[0;36m  Cell [0;32mIn[8], line 17[0;36m[0m
[0;31m    ---[0m
[0m       ^[0m
[0;31mSyntaxError[0m[0;31m:[0m invalid syntax


